app/build/intermediates/manifest_merge_blame_file/debug/manifest-merger-blame-debug-report.txt
1<?xml version="1.0" encoding="utf-8"?>
2<manifest xmlns:android="http://schemas.android.com/apk/res/android"
3    package="com.daffa.weatherapp"
4    android:versionCode="1"
5    android:versionName="1.0" >
6
7    <uses-sdk
8        android:minSdkVersion="29"
8-->src\main\AndroidManifest.xml
9        android:targetSdkVersion="32" />
9-->src\main\AndroidManifest.xml
10
11    <uses-permission android:name="android.permission.INTERNET" />
11-->src\main\AndroidManifest.xml:6:5-66
11-->src\main\AndroidManifest.xml:6:22-64
12    <uses-permission android:name="android.permission.ACCESS_FINE_LOCATION" />
12-->src\main\AndroidManifest.xml:8:5-9:45
12-->src\main\AndroidManifest.xml:8:22-76
13
14    <application
14-->src\main\AndroidManifest.xml:11:5-28:19
15        android:allowBackup="true"
15-->src\main\AndroidManifest.xml:12:9-35
16        android:appComponentFactory="androidx.core.app.CoreComponentFactory"
16-->[androidx.core:core:1.7.0] AndroidManifest.xml:24:18-86
17        android:debuggable="true"
18        android:extractNativeLibs="false"
19        android:icon="@mipmap/ic_launcher"
19-->src\main\AndroidManifest.xml:13:9-43
20        android:label="@string/app_name"
20-->src\main\AndroidManifest.xml:14:9-41
21        android:roundIcon="@mipmap/ic_launcher_round"
21-->src\main\AndroidManifest.xml:15:9-54
22        android:supportsRtl="true"
22-->src\main\AndroidManifest.xml:16:9-35
23        android:theme="@style/Theme.WeatherApp" >
23-->src\main\AndroidManifest.xml:17:9-48
24        <activity
24-->src\main\AndroidManifest.xml:18:9-27:20
25            android:name="com.daffa.weatherapp.MainActivity"
25-->src\main\AndroidManifest.xml:19:13-41
26            android:exported="true"
26-->src\main\AndroidManifest.xml:21:13-36
27            android:windowSoftInputMode="adjustPan" >
27-->src\main\AndroidManifest.xml:20:13-52
28            <intent-filter>
28-->src\main\AndroidManifest.xml:22:13-26:29
29                <action android:name="android.intent.action.MAIN" />
29-->src\main\AndroidManifest.xml:23:17-69
29-->src\main\AndroidManifest.xml:23:25-66
30
31                <category android:name="android.intent.category.LAUNCHER" />
31-->src\main\AndroidManifest.xml:25:17-77
31-->src\main\AndroidManifest.xml:25:27-74
32            </intent-filter>
33        </activity>
34        <activity
34-->[com.google.android.gms:play-services-base:18.0.1] AndroidManifest.xml:20:9-22:45
35            android:name="com.google.android.gms.common.api.GoogleApiActivity"
35-->[com.google.android.gms:play-services-base:18.0.1] AndroidManifest.xml:20:19-85
36            android:exported="false"
36-->[com.google.android.gms:play-services-base:18.0.1] AndroidManifest.xml:22:19-43
37            android:theme="@android:style/Theme.Translucent.NoTitleBar" />
37-->[com.google.android.gms:play-services-base:18.0.1] AndroidManifest.xml:21:19-78
38
39        <meta-data
39-->[com.google.android.gms:play-services-basement:18.0.0] AndroidManifest.xml:21:9-23:69
40            android:name="com.google.android.gms.version"
40-->[com.google.android.gms:play-services-basement:18.0.0] AndroidManifest.xml:22:13-58
41            android:value="@integer/google_play_services_version" />
41-->[com.google.android.gms:play-services-basement:18.0.0] AndroidManifest.xml:23:13-66
42
43        <provider
43-->[androidx.emoji2:emoji2:1.0.0] AndroidManifest.xml:26:9-34:20
44            android:name="androidx.startup.InitializationProvider"
44-->[androidx.emoji2:emoji2:1.0.0] AndroidManifest.xml:27:13-67
45            android:authorities="com.daffa.weatherapp.androidx-startup"
45-->[androidx.emoji2:emoji2:1.0.0] AndroidManifest.xml:28:13-68
46            android:exported="false" >
46-->[androidx.emoji2:emoji2:1.0.0] AndroidManifest.xml:29:13-37
47            <meta-data
47-->[androidx.emoji2:emoji2:1.0.0] AndroidManifest.xml:31:13-33:52
48                android:name="androidx.emoji2.text.EmojiCompatInitializer"
48-->[androidx.emoji2:emoji2:1.0.0] AndroidManifest.xml:32:17-75
49                android:value="androidx.startup" />
49-->[androidx.emoji2:emoji2:1.0.0] AndroidManifest.xml:33:17-49
50            <meta-data
50-->[androidx.lifecycle:lifecycle-process:2.4.0] AndroidManifest.xml:31:13-33:52
51                android:name="androidx.lifecycle.ProcessLifecycleInitializer"
51-->[androidx.lifecycle:lifecycle-process:2.4.0] AndroidManifest.xml:32:17-78
52                android:value="androidx.startup" />
52-->[androidx.lifecycle:lifecycle-process:2.4.0] AndroidManifest.xml:33:17-49
53        </provider>
54    </application>
55
56</manifest>